TN:
SF:/Users/Dikaeinstein/projects/js_projects/book-a-meal/server/controllers/MealController.js
FN:15,_interopRequireDefault
FN:17,(anonymous_1)
FN:42,(anonymous_2)
FN:94,(anonymous_3)
FN:148,(anonymous_4)
FN:186,(anonymous_5)
FN:248,(anonymous_6)
FN:314,(anonymous_7)
FN:346,(anonymous_8)
FNF:9
FNH:9
FNDA:1,_interopRequireDefault
FNDA:1,(anonymous_1)
FNDA:7,(anonymous_2)
FNDA:7,(anonymous_3)
FNDA:2,(anonymous_4)
FNDA:3,(anonymous_5)
FNDA:5,(anonymous_6)
FNDA:4,(anonymous_7)
FNDA:1,(anonymous_8)
DA:3,1
DA:7,1
DA:9,1
DA:11,1
DA:13,1
DA:15,1
DA:17,1
DA:18,1
DA:20,1
DA:43,7
DA:44,7
DA:45,7
DA:46,7
DA:48,7
DA:50,7
DA:61,7
DA:62,2
DA:69,5
DA:72,5
DA:74,5
DA:95,7
DA:96,7
DA:97,7
DA:98,7
DA:99,7
DA:101,7
DA:103,7
DA:115,7
DA:116,1
DA:123,6
DA:126,6
DA:128,6
DA:149,2
DA:150,2
DA:158,2
DA:159,1
DA:160,1
DA:167,1
DA:187,3
DA:188,3
DA:194,3
DA:196,3
DA:200,3
DA:201,1
DA:202,1
DA:208,2
DA:221,2
DA:229,2
DA:249,5
DA:250,5
DA:251,5
DA:254,5
DA:258,5
DA:259,2
DA:260,2
DA:267,3
DA:268,2
DA:274,2
DA:275,1
DA:276,1
DA:285,2
DA:287,2
DA:295,2
DA:315,4
DA:316,4
DA:319,4
DA:325,4
DA:326,2
DA:327,2
DA:334,2
DA:335,2
DA:342,1
DA:343,1
DA:346,1
DA:347,1
DA:349,1
DA:351,1
DA:352,1
DA:355,0
DA:356,0
DA:357,0
DA:361,1
LF:82
LH:79
BRDA:15,0,0,0
BRDA:15,0,1,1
BRDA:15,1,0,1
BRDA:15,1,1,1
BRDA:20,2,0,1
BRDA:20,2,1,0
BRDA:43,3,0,7
BRDA:43,3,1,3
BRDA:44,4,0,7
BRDA:44,4,1,5
BRDA:61,5,0,2
BRDA:61,5,1,5
BRDA:95,6,0,7
BRDA:95,6,1,1
BRDA:96,7,0,7
BRDA:96,7,1,3
BRDA:97,8,0,7
BRDA:97,8,1,5
BRDA:115,9,0,1
BRDA:115,9,1,6
BRDA:158,10,0,1
BRDA:158,10,1,1
BRDA:200,11,0,1
BRDA:200,11,1,2
BRDA:208,12,0,1
BRDA:208,12,1,1
BRDA:258,13,0,2
BRDA:258,13,1,3
BRDA:267,14,0,2
BRDA:267,14,1,1
BRDA:274,15,0,1
BRDA:274,15,1,1
BRDA:319,16,0,2
BRDA:319,16,1,2
BRDA:325,17,0,2
BRDA:325,17,1,2
BRDA:351,18,0,1
BRDA:351,18,1,0
BRF:38
BRH:35
end_of_record
TN:
SF:/Users/Dikaeinstein/projects/js_projects/book-a-meal/server/controllers/MenuController.js
FN:21,_interopRequireDefault
FN:23,(anonymous_1)
FN:48,(anonymous_2)
FN:142,(anonymous_3)
FN:217,(anonymous_4)
FN:312,(anonymous_5)
FN:339,(anonymous_6)
FNF:7
FNH:7
FNDA:2,_interopRequireDefault
FNDA:1,(anonymous_1)
FNDA:4,(anonymous_2)
FNDA:7,(anonymous_3)
FNDA:5,(anonymous_4)
FNDA:2,(anonymous_5)
FNDA:1,(anonymous_6)
DA:3,1
DA:7,1
DA:9,1
DA:11,1
DA:13,1
DA:15,1
DA:17,1
DA:19,1
DA:21,2
DA:23,1
DA:24,1
DA:26,1
DA:49,4
DA:50,4
DA:51,4
DA:52,4
DA:53,4
DA:55,4
DA:56,4
DA:59,4
DA:60,4
DA:62,4
DA:71,4
DA:72,1
DA:73,1
DA:81,3
DA:82,3
DA:83,3
DA:84,1
DA:86,1
DA:93,2
DA:96,2
DA:98,2
DA:108,2
DA:110,2
DA:113,2
DA:114,2
DA:122,2
DA:143,7
DA:144,7
DA:145,7
DA:146,7
DA:147,7
DA:149,7
DA:152,7
DA:153,7
DA:155,7
DA:164,7
DA:165,1
DA:166,1
DA:173,6
DA:183,6
DA:185,6
DA:188,6
DA:189,6
DA:197,6
DA:218,5
DA:219,5
DA:220,5
DA:221,5
DA:222,5
DA:223,5
DA:225,5
DA:226,5
DA:228,5
DA:229,5
DA:231,5
DA:240,5
DA:241,1
DA:242,1
DA:249,4
DA:250,2
DA:253,4
DA:255,3
DA:256,3
DA:257,3
DA:258,1
DA:260,1
DA:267,2
DA:270,3
DA:280,3
DA:282,3
DA:285,3
DA:286,3
DA:294,3
DA:313,2
DA:314,2
DA:316,2
DA:318,2
DA:319,1
DA:320,1
DA:327,1
DA:328,1
DA:335,1
DA:336,1
DA:339,1
DA:340,1
DA:342,1
DA:344,1
DA:345,1
DA:348,0
DA:349,0
DA:350,0
DA:354,1
LF:104
LH:101
BRDA:21,0,0,0
BRDA:21,0,1,2
BRDA:21,1,0,2
BRDA:21,1,1,2
BRDA:26,2,0,1
BRDA:26,2,1,0
BRDA:50,3,0,4
BRDA:50,3,1,4
BRDA:51,4,0,4
BRDA:51,4,1,4
BRDA:71,5,0,1
BRDA:71,5,1,3
BRDA:83,6,0,1
BRDA:83,6,1,2
BRDA:143,7,0,7
BRDA:143,7,1,2
BRDA:144,8,0,7
BRDA:144,8,1,5
BRDA:164,9,0,1
BRDA:164,9,1,6
BRDA:218,10,0,5
BRDA:218,10,1,5
BRDA:219,11,0,5
BRDA:219,11,1,5
BRDA:231,12,0,2
BRDA:231,12,1,3
BRDA:240,13,0,1
BRDA:240,13,1,4
BRDA:249,14,0,2
BRDA:249,14,1,2
BRDA:253,15,0,3
BRDA:253,15,1,1
BRDA:257,16,0,1
BRDA:257,16,1,2
BRDA:318,17,0,1
BRDA:318,17,1,1
BRDA:344,18,0,1
BRDA:344,18,1,0
BRF:38
BRH:35
end_of_record
TN:
SF:/Users/Dikaeinstein/projects/js_projects/book-a-meal/server/controllers/OrderController.js
FN:7,(anonymous_0)
FN:33,_interopRequireDefault
FN:35,(anonymous_2)
FN:63,(anonymous_3)
FN:131,(anonymous_4)
FN:209,(anonymous_5)
FN:269,(anonymous_6)
FN:307,(anonymous_7)
FN:356,(anonymous_8)
FN:393,(anonymous_9)
FN:442,(anonymous_10)
FN:512,(anonymous_11)
FN:555,(anonymous_12)
FN:664,(anonymous_13)
FN:693,(anonymous_14)
FNF:15
FNH:14
FNDA:0,(anonymous_0)
FNDA:4,_interopRequireDefault
FNDA:1,(anonymous_2)
FNDA:7,(anonymous_3)
FNDA:5,(anonymous_4)
FNDA:6,(anonymous_5)
FNDA:2,(anonymous_6)
FNDA:3,(anonymous_7)
FNDA:2,(anonymous_8)
FNDA:3,(anonymous_9)
FNDA:3,(anonymous_10)
FNDA:12,(anonymous_11)
FNDA:7,(anonymous_12)
FNDA:2,(anonymous_13)
FNDA:1,(anonymous_14)
DA:3,1
DA:7,1
DA:9,1
DA:11,1
DA:13,1
DA:15,1
DA:17,1
DA:19,1
DA:21,1
DA:23,1
DA:25,1
DA:27,1
DA:29,1
DA:31,1
DA:33,4
DA:35,1
DA:36,1
DA:38,1
DA:41,1
DA:43,1
DA:64,7
DA:65,7
DA:66,7
DA:67,7
DA:68,7
DA:70,7
DA:71,7
DA:86,7
DA:88,7
DA:97,7
DA:98,1
DA:99,1
DA:106,6
DA:109,6
DA:111,6
DA:132,5
DA:133,5
DA:134,5
DA:135,5
DA:136,5
DA:137,5
DA:139,5
DA:140,5
DA:155,5
DA:156,5
DA:157,5
DA:175,5
DA:176,0
DA:177,0
DA:184,5
DA:187,5
DA:189,5
DA:210,6
DA:211,6
DA:212,6
DA:213,6
DA:214,6
DA:216,6
DA:219,6
DA:235,6
DA:236,0
DA:237,0
DA:244,6
DA:247,6
DA:249,6
DA:270,2
DA:271,2
DA:272,2
DA:274,2
DA:276,1
DA:286,2
DA:288,2
DA:308,3
DA:309,3
DA:310,3
DA:311,3
DA:313,3
DA:314,3
DA:316,2
DA:329,3
DA:337,3
DA:357,2
DA:358,2
DA:359,2
DA:360,2
DA:362,1
DA:372,2
DA:374,2
DA:394,3
DA:395,3
DA:396,3
DA:397,3
DA:398,3
DA:400,3
DA:402,2
DA:415,3
DA:423,3
DA:443,3
DA:444,3
DA:446,3
DA:447,3
DA:449,3
DA:458,3
DA:459,0
DA:460,0
DA:467,3
DA:469,3
DA:470,1
DA:471,1
DA:477,2
DA:479,2
DA:480,2
DA:493,2
DA:513,12
DA:514,12
DA:515,12
DA:516,12
DA:518,12
DA:519,1
DA:520,1
DA:522,1
DA:531,1
DA:532,0
DA:533,0
DA:540,1
DA:542,1
DA:543,1
DA:544,1
DA:552,11
DA:555,11
DA:568,11
DA:569,5
DA:573,5
DA:574,0
DA:575,0
DA:583,5
DA:584,1
DA:585,1
DA:593,4
DA:594,1
DA:595,1
DA:603,3
DA:604,3
DA:605,1
DA:606,1
DA:607,1
DA:614,2
DA:617,2
DA:618,2
DA:620,2
DA:629,6
DA:630,6
DA:631,1
DA:632,1
DA:640,5
DA:641,5
DA:642,5
DA:643,5
DA:645,5
DA:665,2
DA:668,2
DA:672,2
DA:673,1
DA:674,1
DA:680,1
DA:681,1
DA:689,1
DA:690,1
DA:693,1
DA:694,1
DA:696,1
DA:698,1
DA:699,1
DA:702,0
DA:703,0
DA:704,0
DA:705,0
DA:709,1
LF:178
LH:164
BRDA:7,0,0,1
BRDA:7,0,1,0
BRDA:7,1,0,0
BRDA:7,1,1,0
BRDA:33,2,0,0
BRDA:33,2,1,4
BRDA:33,3,0,4
BRDA:33,3,1,4
BRDA:38,4,0,1
BRDA:38,4,1,0
BRDA:66,5,0,7
BRDA:66,5,1,3
BRDA:67,6,0,7
BRDA:67,6,1,5
BRDA:88,7,0,1
BRDA:88,7,1,6
BRDA:97,8,0,1
BRDA:97,8,1,6
BRDA:132,9,0,5
BRDA:132,9,1,1
BRDA:135,10,0,5
BRDA:135,10,1,2
BRDA:136,11,0,5
BRDA:136,11,1,4
BRDA:157,12,0,0
BRDA:157,12,1,5
BRDA:175,13,0,0
BRDA:175,13,1,5
BRDA:210,14,0,6
BRDA:210,14,1,1
BRDA:211,15,0,6
BRDA:211,15,1,2
BRDA:212,16,0,6
BRDA:212,16,1,4
BRDA:235,17,0,0
BRDA:235,17,1,6
BRDA:274,18,0,1
BRDA:274,18,1,1
BRDA:309,19,0,3
BRDA:309,19,1,2
BRDA:314,20,0,2
BRDA:314,20,1,1
BRDA:360,21,0,1
BRDA:360,21,1,1
BRDA:396,22,0,3
BRDA:396,22,1,2
BRDA:400,23,0,2
BRDA:400,23,1,1
BRDA:458,24,0,0
BRDA:458,24,1,3
BRDA:469,25,0,1
BRDA:469,25,1,2
BRDA:518,26,0,1
BRDA:518,26,1,11
BRDA:531,27,0,0
BRDA:531,27,1,1
BRDA:542,28,0,1
BRDA:542,28,1,0
BRDA:568,29,0,5
BRDA:568,29,1,6
BRDA:573,30,0,0
BRDA:573,30,1,5
BRDA:583,31,0,1
BRDA:583,31,1,4
BRDA:593,32,0,1
BRDA:593,32,1,3
BRDA:604,33,0,1
BRDA:604,33,1,2
BRDA:630,34,0,1
BRDA:630,34,1,5
BRDA:672,35,0,1
BRDA:672,35,1,1
BRDA:698,36,0,1
BRDA:698,36,1,0
BRF:74
BRH:61
end_of_record
TN:
SF:/Users/Dikaeinstein/projects/js_projects/book-a-meal/server/controllers/UserController.js
FN:15,_interopRequireDefault
FN:17,(anonymous_1)
FN:42,(anonymous_2)
FN:101,(anonymous_3)
FN:154,(anonymous_4)
FN:181,(anonymous_5)
FNF:6
FNH:6
FNDA:1,_interopRequireDefault
FNDA:1,(anonymous_1)
FNDA:8,(anonymous_2)
FNDA:7,(anonymous_3)
FNDA:2,(anonymous_4)
FNDA:1,(anonymous_5)
DA:3,1
DA:7,1
DA:9,1
DA:11,1
DA:13,1
DA:15,1
DA:17,1
DA:18,1
DA:20,1
DA:43,8
DA:49,8
DA:51,8
DA:56,8
DA:57,1
DA:58,1
DA:66,7
DA:68,7
DA:75,7
DA:76,7
DA:102,7
DA:103,7
DA:104,7
DA:108,7
DA:109,1
DA:110,1
DA:117,6
DA:118,6
DA:120,5
DA:122,5
DA:134,1
DA:135,1
DA:155,2
DA:156,2
DA:158,2
DA:160,2
DA:161,1
DA:162,1
DA:169,1
DA:170,1
DA:177,1
DA:178,1
DA:181,1
DA:182,1
DA:184,1
DA:186,1
DA:187,1
DA:190,0
DA:191,0
DA:192,0
DA:196,1
LF:50
LH:47
BRDA:15,0,0,0
BRDA:15,0,1,1
BRDA:15,1,0,1
BRDA:15,1,1,1
BRDA:20,2,0,1
BRDA:20,2,1,0
BRDA:56,3,0,1
BRDA:56,3,1,7
BRDA:108,4,0,1
BRDA:108,4,1,6
BRDA:118,5,0,5
BRDA:118,5,1,1
BRDA:160,6,0,1
BRDA:160,6,1,1
BRDA:186,7,0,1
BRDA:186,7,1,0
BRF:16
BRH:13
end_of_record
TN:
SF:/Users/Dikaeinstein/projects/js_projects/book-a-meal/server/lib/buildCheckMealsQuery.js
FN:9,(anonymous_0)
FN:23,(anonymous_1)
FN:24,(anonymous_2)
FN:44,(anonymous_3)
FNF:4
FNH:4
FNDA:1,(anonymous_0)
FNDA:6,(anonymous_1)
FNDA:33,(anonymous_2)
FNDA:1,(anonymous_3)
DA:3,1
DA:7,1
DA:9,1
DA:10,1
DA:12,1
DA:23,1
DA:24,33
DA:25,6
DA:40,1
DA:41,1
DA:44,1
DA:45,1
DA:47,1
DA:49,1
DA:50,1
DA:53,0
DA:54,0
DA:55,0
DA:59,1
LF:19
LH:16
BRDA:12,0,0,1
BRDA:12,0,1,0
BRDA:49,1,0,1
BRDA:49,1,1,0
BRF:4
BRH:2
end_of_record
TN:
SF:/Users/Dikaeinstein/projects/js_projects/book-a-meal/server/lib/buildOrder.js
FN:10,(anonymous_0)
FN:23,(anonymous_1)
FN:46,(anonymous_2)
FN:70,(anonymous_3)
FNF:4
FNH:4
FNDA:1,(anonymous_0)
FNDA:2,(anonymous_1)
FNDA:7,(anonymous_2)
FNDA:1,(anonymous_3)
DA:3,1
DA:6,1
DA:8,1
DA:10,1
DA:11,1
DA:13,1
DA:23,1
DA:24,2
DA:26,2
DA:28,2
DA:30,2
DA:46,1
DA:51,7
DA:53,7
DA:55,7
DA:56,7
DA:57,7
DA:59,7
DA:70,1
DA:71,1
DA:73,1
DA:75,1
DA:76,1
DA:79,0
DA:80,0
DA:81,0
LF:26
LH:23
BRDA:13,0,0,1
BRDA:13,0,1,0
BRDA:24,1,0,0
BRDA:49,2,0,2
BRDA:50,3,0,3
BRDA:53,4,0,0
BRDA:53,4,1,7
BRDA:55,5,0,7
BRDA:55,5,1,7
BRDA:56,6,0,7
BRDA:56,6,1,7
BRDA:57,7,0,7
BRDA:57,7,1,7
BRDA:60,8,0,7
BRDA:60,8,1,0
BRDA:61,9,0,7
BRDA:61,9,1,0
BRDA:63,10,0,7
BRDA:63,10,1,7
BRDA:65,11,0,7
BRDA:65,11,1,7
BRDA:75,12,0,1
BRDA:75,12,1,0
BRF:23
BRH:17
end_of_record
TN:
SF:/Users/Dikaeinstein/projects/js_projects/book-a-meal/server/lib/createToken.js
FN:15,_interopRequireDefault
FN:17,(anonymous_1)
FN:38,(anonymous_2)
FN:44,(anonymous_3)
FNF:4
FNH:4
FNDA:2,_interopRequireDefault
FNDA:1,(anonymous_1)
FNDA:12,(anonymous_2)
FNDA:1,(anonymous_3)
DA:3,1
DA:7,1
DA:9,1
DA:11,1
DA:13,1
DA:15,2
DA:17,1
DA:18,1
DA:20,1
DA:26,1
DA:28,1
DA:38,12
DA:40,1
DA:41,1
DA:44,1
DA:45,1
DA:47,1
DA:49,1
DA:50,1
DA:53,0
DA:54,0
DA:55,0
DA:56,0
DA:60,1
LF:24
LH:20
BRDA:15,0,0,0
BRDA:15,0,1,2
BRDA:15,1,0,2
BRDA:15,1,1,2
BRDA:20,2,0,1
BRDA:20,2,1,0
BRDA:49,3,0,1
BRDA:49,3,1,0
BRF:8
BRH:5
end_of_record
TN:
SF:/Users/Dikaeinstein/projects/js_projects/book-a-meal/server/lib/encrypt.js
FN:12,_interopRequireDefault
FN:14,(anonymous_1)
FN:31,(anonymous_2)
FN:45,(anonymous_3)
FN:51,(anonymous_4)
FNF:5
FNH:5
FNDA:1,_interopRequireDefault
FNDA:1,(anonymous_1)
FNDA:8,(anonymous_2)
FNDA:6,(anonymous_3)
FNDA:1,(anonymous_4)
DA:3,1
DA:6,1
DA:8,1
DA:10,1
DA:12,1
DA:14,1
DA:15,1
DA:17,1
DA:31,1
DA:32,8
DA:33,8
DA:45,1
DA:46,6
DA:47,6
DA:51,1
DA:52,1
DA:54,1
DA:56,1
DA:57,1
DA:60,0
DA:61,0
DA:62,0
LF:22
LH:19
BRDA:12,0,0,0
BRDA:12,0,1,1
BRDA:12,1,0,1
BRDA:12,1,1,1
BRDA:17,2,0,1
BRDA:17,2,1,0
BRDA:56,3,0,1
BRDA:56,3,1,0
BRF:8
BRH:5
end_of_record
TN:
SF:/Users/Dikaeinstein/projects/js_projects/book-a-meal/server/lib/getAPIBaseUrl.js
FN:7,(anonymous_0)
FN:18,(anonymous_1)
FN:29,(anonymous_2)
FNF:3
FNH:3
FNDA:1,(anonymous_0)
FNDA:31,(anonymous_1)
FNDA:1,(anonymous_2)
DA:3,1
DA:7,1
DA:8,1
DA:10,1
DA:18,1
DA:19,31
DA:20,31
DA:22,31
DA:25,1
DA:26,1
DA:29,1
DA:30,1
DA:32,1
DA:34,1
DA:35,1
DA:38,0
DA:39,0
DA:40,0
DA:44,1
LF:19
LH:16
BRDA:10,0,0,1
BRDA:10,0,1,0
BRDA:19,1,0,31
BRDA:19,1,1,0
BRDA:20,2,0,0
BRDA:20,2,1,31
BRDA:34,3,0,1
BRDA:34,3,1,0
BRF:8
BRH:4
end_of_record
TN:
SF:/Users/Dikaeinstein/projects/js_projects/book-a-meal/server/lib/getCatererAdminOrder.js
FN:15,_interopRequireDefault
FN:17,(anonymous_1)
FN:31,(anonymous_2)
FN:53,(anonymous_3)
FNF:4
FNH:4
FNDA:1,_interopRequireDefault
FNDA:1,(anonymous_1)
FNDA:6,(anonymous_2)
FNDA:1,(anonymous_3)
DA:3,1
DA:7,1
DA:9,1
DA:11,1
DA:13,1
DA:15,1
DA:17,1
DA:18,1
DA:20,1
DA:31,1
DA:32,6
DA:33,4
DA:38,2
DA:39,2
DA:49,1
DA:50,1
DA:53,1
DA:54,1
DA:56,1
DA:58,1
DA:59,1
DA:62,0
DA:63,0
DA:64,0
DA:68,1
LF:25
LH:22
BRDA:15,0,0,0
BRDA:15,0,1,1
BRDA:15,1,0,1
BRDA:15,1,1,1
BRDA:20,2,0,1
BRDA:20,2,1,0
BRDA:32,3,0,4
BRDA:32,3,1,2
BRDA:58,4,0,1
BRDA:58,4,1,0
BRF:10
BRH:7
end_of_record
TN:
SF:/Users/Dikaeinstein/projects/js_projects/book-a-meal/server/lib/getCatererMeals.js
FN:9,(anonymous_0)
FN:22,(anonymous_1)
FN:31,(anonymous_2)
FN:38,(anonymous_3)
FNF:4
FNH:4
FNDA:1,(anonymous_0)
FNDA:13,(anonymous_1)
FNDA:52,(anonymous_2)
FNDA:1,(anonymous_3)
DA:3,1
DA:7,1
DA:9,1
DA:10,1
DA:12,1
DA:22,1
DA:23,13
DA:31,52
DA:34,1
DA:35,1
DA:38,1
DA:39,1
DA:41,1
DA:43,1
DA:44,1
DA:47,0
DA:48,0
DA:49,0
DA:53,1
LF:19
LH:16
BRDA:12,0,0,1
BRDA:12,0,1,0
BRDA:43,1,0,1
BRDA:43,1,1,0
BRF:4
BRH:2
end_of_record
TN:
SF:/Users/Dikaeinstein/projects/js_projects/book-a-meal/server/lib/pagination.js
FN:10,(anonymous_0)
FN:24,(anonymous_1)
FN:34,(anonymous_2)
FN:46,(anonymous_3)
FN:58,(anonymous_4)
FN:71,(anonymous_5)
FN:113,(anonymous_6)
FN:123,(anonymous_7)
FNF:8
FNH:8
FNDA:1,(anonymous_0)
FNDA:39,(anonymous_1)
FNDA:39,(anonymous_2)
FNDA:39,(anonymous_3)
FNDA:39,(anonymous_4)
FNDA:39,(anonymous_5)
FNDA:11,(anonymous_6)
FNDA:1,(anonymous_7)
DA:3,1
DA:6,1
DA:8,1
DA:10,1
DA:11,1
DA:13,1
DA:24,39
DA:34,39
DA:46,39
DA:58,39
DA:71,1
DA:72,39
DA:73,39
DA:74,18
DA:79,39
DA:80,11
DA:85,39
DA:86,11
DA:91,39
DA:92,18
DA:98,39
DA:103,39
DA:113,1
DA:114,11
DA:115,11
DA:116,11
DA:118,0
DA:123,1
DA:124,1
DA:126,1
DA:128,1
DA:129,1
DA:132,0
DA:133,0
DA:134,0
DA:135,0
DA:136,0
DA:137,0
DA:138,0
LF:39
LH:31
BRDA:13,0,0,1
BRDA:13,0,1,0
BRDA:34,1,0,39
BRDA:34,1,1,39
BRDA:46,2,0,39
BRDA:46,2,1,18
BRDA:58,3,0,39
BRDA:58,3,1,11
BRDA:73,4,0,18
BRDA:73,4,1,21
BRDA:79,5,0,11
BRDA:79,5,1,28
BRDA:85,6,0,11
BRDA:85,6,1,28
BRDA:91,7,0,18
BRDA:91,7,1,21
BRDA:128,8,0,1
BRDA:128,8,1,0
BRF:18
BRH:16
end_of_record
TN:
SF:/Users/Dikaeinstein/projects/js_projects/book-a-meal/server/middleware/authenticate.js
FN:15,_interopRequireDefault
FN:17,(anonymous_1)
FN:39,(anonymous_2)
FN:70,(anonymous_3)
FNF:4
FNH:4
FNDA:2,_interopRequireDefault
FNDA:1,(anonymous_1)
FNDA:165,(anonymous_2)
FNDA:1,(anonymous_3)
DA:3,1
DA:7,1
DA:9,1
DA:11,1
DA:13,1
DA:15,2
DA:17,1
DA:18,1
DA:20,1
DA:26,1
DA:28,1
DA:39,1
DA:40,165
DA:41,165
DA:42,165
DA:43,2
DA:44,2
DA:51,163
DA:52,163
DA:53,162
DA:54,162
DA:55,162
DA:57,1
DA:58,1
DA:66,1
DA:67,1
DA:70,1
DA:71,1
DA:73,1
DA:75,1
DA:76,1
DA:79,0
DA:80,0
DA:81,0
DA:82,0
DA:86,1
LF:36
LH:32
BRDA:15,0,0,0
BRDA:15,0,1,2
BRDA:15,1,0,2
BRDA:15,1,1,2
BRDA:20,2,0,1
BRDA:20,2,1,0
BRDA:40,3,0,163
BRDA:40,3,1,2
BRDA:42,4,0,2
BRDA:42,4,1,163
BRDA:75,5,0,1
BRDA:75,5,1,0
BRF:12
BRH:9
end_of_record
TN:
SF:/Users/Dikaeinstein/projects/js_projects/book-a-meal/server/middleware/authorize.js
FN:9,(anonymous_0)
FN:28,(anonymous_1)
FN:50,(anonymous_2)
FNF:3
FNH:3
FNDA:1,(anonymous_0)
FNDA:40,(anonymous_1)
FNDA:1,(anonymous_2)
DA:3,1
DA:7,1
DA:9,1
DA:10,1
DA:12,1
DA:28,1
DA:29,40
DA:30,40
DA:31,40
DA:35,40
DA:36,3
DA:37,3
DA:43,37
DA:46,1
DA:47,1
DA:50,1
DA:51,1
DA:53,1
DA:55,1
DA:56,1
DA:59,0
DA:60,0
DA:61,0
DA:65,1
LF:24
LH:21
BRDA:12,0,0,1
BRDA:12,0,1,0
BRDA:35,1,0,3
BRDA:35,1,1,37
BRDA:55,2,0,1
BRDA:55,2,1,0
BRF:6
BRH:4
end_of_record
TN:
SF:/Users/Dikaeinstein/projects/js_projects/book-a-meal/server/middleware/authorizeSuperAdmin.js
FN:9,(anonymous_0)
FN:28,(anonymous_1)
FN:50,(anonymous_2)
FNF:3
FNH:3
FNDA:1,(anonymous_0)
FNDA:95,(anonymous_1)
FNDA:1,(anonymous_2)
DA:3,1
DA:7,1
DA:9,1
DA:10,1
DA:12,1
DA:28,1
DA:29,95
DA:30,95
DA:31,95
DA:35,95
DA:36,8
DA:37,8
DA:43,87
DA:46,1
DA:47,1
DA:50,1
DA:51,1
DA:53,1
DA:55,1
DA:56,1
DA:59,0
DA:60,0
DA:61,0
DA:65,1
LF:24
LH:21
BRDA:12,0,0,1
BRDA:12,0,1,0
BRDA:35,1,0,8
BRDA:35,1,1,87
BRDA:55,2,0,1
BRDA:55,2,1,0
BRF:6
BRH:4
end_of_record
TN:
SF:/Users/Dikaeinstein/projects/js_projects/book-a-meal/server/middleware/dateValidator.js
FN:9,(anonymous_0)
FN:20,(anonymous_1)
FN:22,(anonymous_2)
FN:34,(anonymous_3)
FNF:4
FNH:4
FNDA:1,(anonymous_0)
FNDA:7,(anonymous_1)
FNDA:12,(anonymous_2)
FNDA:1,(anonymous_3)
DA:3,1
DA:7,1
DA:9,1
DA:10,1
DA:12,1
DA:20,7
DA:23,12
DA:24,12
DA:25,7
DA:27,5
DA:30,1
DA:31,1
DA:34,1
DA:35,1
DA:37,1
DA:39,1
DA:40,1
DA:43,0
DA:44,0
DA:45,0
DA:49,1
LF:21
LH:18
BRDA:12,0,0,1
BRDA:12,0,1,0
BRDA:24,1,0,7
BRDA:24,1,1,5
BRDA:39,2,0,1
BRDA:39,2,1,0
BRF:6
BRH:4
end_of_record
TN:
SF:/Users/Dikaeinstein/projects/js_projects/book-a-meal/server/middleware/idValidator.js
FN:9,(anonymous_0)
FN:23,(anonymous_1)
FN:36,(anonymous_2)
FNF:3
FNH:3
FNDA:1,(anonymous_0)
FNDA:15,(anonymous_1)
FNDA:1,(anonymous_2)
DA:3,1
DA:7,1
DA:9,1
DA:10,1
DA:12,1
DA:23,1
DA:24,15
DA:26,2
DA:29,13
DA:32,1
DA:33,1
DA:36,1
DA:37,1
DA:39,1
DA:41,1
DA:42,1
DA:45,0
DA:46,0
DA:47,0
DA:51,1
LF:20
LH:17
BRDA:12,0,0,1
BRDA:12,0,1,0
BRDA:23,1,0,13
BRDA:23,2,0,13
BRDA:24,3,0,2
BRDA:24,3,1,13
BRDA:41,4,0,1
BRDA:41,4,1,0
BRF:8
BRH:6
end_of_record
TN:
SF:/Users/Dikaeinstein/projects/js_projects/book-a-meal/server/middleware/mealValidator.js
FN:18,_interopRequireDefault
FN:20,(anonymous_1)
FN:33,(anonymous_2)
FN:48,(anonymous_3)
FN:62,(anonymous_4)
FN:69,(anonymous_5)
FN:76,(anonymous_6)
FN:79,(anonymous_7)
FNF:8
FNH:8
FNDA:2,_interopRequireDefault
FNDA:1,(anonymous_1)
FNDA:2,(anonymous_2)
FNDA:2,(anonymous_3)
FNDA:2,(anonymous_4)
FNDA:1,(anonymous_5)
FNDA:1,(anonymous_6)
FNDA:1,(anonymous_7)
DA:3,1
DA:6,1
DA:8,1
DA:10,1
DA:12,1
DA:14,1
DA:16,1
DA:18,2
DA:20,1
DA:21,1
DA:23,1
DA:33,1
DA:34,2
DA:36,1
DA:38,1
DA:48,1
DA:49,2
DA:50,1
DA:52,1
DA:62,2
DA:69,1
DA:76,1
DA:79,1
DA:80,1
DA:82,1
DA:84,1
DA:85,1
DA:88,0
DA:89,0
DA:90,0
DA:91,0
DA:92,0
DA:93,0
LF:33
LH:27
BRDA:18,0,0,0
BRDA:18,0,1,2
BRDA:18,1,0,2
BRDA:18,1,1,2
BRDA:23,2,0,1
BRDA:23,2,1,0
BRDA:33,3,0,1
BRDA:33,4,0,1
BRDA:34,5,0,1
BRDA:34,5,1,1
BRDA:48,6,0,1
BRDA:48,7,0,1
BRDA:49,8,0,1
BRDA:49,8,1,1
BRDA:84,9,0,1
BRDA:84,9,1,0
BRF:16
BRH:13
end_of_record
TN:
SF:/Users/Dikaeinstein/projects/js_projects/book-a-meal/server/middleware/menuValidator.js
FN:10,(anonymous_0)
FN:23,(anonymous_1)
FN:38,(anonymous_2)
FN:40,(anonymous_3)
FN:45,(anonymous_4)
FN:46,(anonymous_5)
FN:54,(anonymous_6)
FN:59,(anonymous_7)
FN:60,(anonymous_8)
FN:74,(anonymous_9)
FN:81,(anonymous_10)
FN:84,(anonymous_11)
FNF:12
FNH:12
FNDA:1,(anonymous_0)
FNDA:3,(anonymous_1)
FNDA:3,(anonymous_2)
FNDA:7,(anonymous_3)
FNDA:7,(anonymous_4)
FNDA:10,(anonymous_5)
FNDA:8,(anonymous_6)
FNDA:8,(anonymous_7)
FNDA:42,(anonymous_8)
FNDA:1,(anonymous_9)
FNDA:2,(anonymous_10)
FNDA:1,(anonymous_11)
DA:3,1
DA:6,1
DA:8,1
DA:10,1
DA:11,1
DA:13,1
DA:23,1
DA:25,3
DA:26,2
DA:28,1
DA:38,1
DA:39,3
DA:40,2
DA:41,7
DA:42,1
DA:44,6
DA:46,10
DA:48,6
DA:49,1
DA:51,5
DA:54,1
DA:55,8
DA:56,1
DA:58,6
DA:60,42
DA:62,6
DA:63,1
DA:65,5
DA:74,1
DA:81,2
DA:84,1
DA:85,1
DA:87,1
DA:89,1
DA:90,1
DA:93,0
DA:94,0
DA:95,0
DA:96,0
DA:97,0
LF:40
LH:35
BRDA:13,0,0,1
BRDA:13,0,1,0
BRDA:23,1,0,1
BRDA:23,2,0,1
BRDA:25,3,0,2
BRDA:25,3,1,1
BRDA:38,4,0,1
BRDA:38,5,0,1
BRDA:39,6,0,2
BRDA:39,6,1,1
BRDA:41,7,0,1
BRDA:41,7,1,6
BRDA:46,8,0,10
BRDA:46,8,1,9
BRDA:48,9,0,1
BRDA:48,9,1,5
BRDA:55,10,0,1
BRDA:55,10,1,6
BRDA:60,11,0,42
BRDA:60,11,1,41
BRDA:62,12,0,1
BRDA:62,12,1,5
BRDA:89,13,0,1
BRDA:89,13,1,0
BRF:24
BRH:22
end_of_record
TN:
SF:/Users/Dikaeinstein/projects/js_projects/book-a-meal/server/middleware/numberValidator.js
FN:9,(anonymous_0)
FN:22,(anonymous_1)
FN:34,(anonymous_2)
FNF:3
FNH:3
FNDA:1,(anonymous_0)
FNDA:2,(anonymous_1)
FNDA:1,(anonymous_2)
DA:3,1
DA:7,1
DA:9,1
DA:10,1
DA:12,1
DA:22,1
DA:24,2
DA:25,1
DA:27,1
DA:30,1
DA:31,1
DA:34,1
DA:35,1
DA:37,1
DA:39,1
DA:40,1
DA:43,0
DA:44,0
DA:45,0
DA:49,1
LF:20
LH:17
BRDA:12,0,0,1
BRDA:12,0,1,0
BRDA:22,1,0,1
BRDA:22,2,0,1
BRDA:24,3,0,1
BRDA:24,3,1,1
BRDA:39,4,0,1
BRDA:39,4,1,0
BRF:8
BRH:6
end_of_record
TN:
SF:/Users/Dikaeinstein/projects/js_projects/book-a-meal/server/middleware/orderValidator.js
FN:14,_interopRequireDefault
FN:16,(anonymous_1)
FN:29,(anonymous_2)
FN:36,(anonymous_3)
FN:36,(anonymous_4)
FN:44,(anonymous_5)
FNF:6
FNH:6
FNDA:1,_interopRequireDefault
FNDA:1,(anonymous_1)
FNDA:1,(anonymous_2)
FNDA:1,(anonymous_3)
FNDA:7,(anonymous_4)
FNDA:1,(anonymous_5)
DA:3,1
DA:6,1
DA:8,1
DA:10,1
DA:12,1
DA:14,1
DA:16,1
DA:17,1
DA:19,1
DA:29,1
DA:36,1
DA:37,7
DA:38,1
DA:40,6
DA:44,1
DA:45,1
DA:47,1
DA:49,1
DA:50,1
DA:53,0
DA:54,0
DA:55,0
LF:22
LH:19
BRDA:14,0,0,0
BRDA:14,0,1,1
BRDA:14,1,0,1
BRDA:14,1,1,1
BRDA:19,2,0,1
BRDA:19,2,1,0
BRDA:37,3,0,1
BRDA:37,3,1,6
BRDA:37,4,0,7
BRDA:37,4,1,4
BRDA:49,5,0,1
BRDA:49,5,1,0
BRF:12
BRH:9
end_of_record
TN:
SF:/Users/Dikaeinstein/projects/js_projects/book-a-meal/server/middleware/queryValidator.js
FN:9,(anonymous_0)
FN:24,(anonymous_1)
FN:30,(anonymous_2)
FNF:3
FNH:3
FNDA:1,(anonymous_0)
FNDA:18,(anonymous_1)
FNDA:1,(anonymous_2)
DA:3,1
DA:7,1
DA:9,1
DA:10,1
DA:12,1
DA:24,18
DA:26,1
DA:27,1
DA:30,1
DA:31,1
DA:33,1
DA:35,1
DA:36,1
DA:39,0
DA:40,0
DA:41,0
DA:45,1
LF:17
LH:14
BRDA:12,0,0,1
BRDA:12,0,1,0
BRDA:35,1,0,1
BRDA:35,1,1,0
BRF:4
BRH:2
end_of_record
TN:
SF:/Users/Dikaeinstein/projects/js_projects/book-a-meal/server/middleware/userValidator.js
FN:10,(anonymous_0)
FN:23,(anonymous_1)
FN:30,(anonymous_2)
FN:37,(anonymous_3)
FN:46,(anonymous_4)
FN:46,(anonymous_5)
FN:56,(anonymous_6)
FN:63,(anonymous_7)
FN:70,(anonymous_8)
FN:73,(anonymous_9)
FNF:10
FNH:10
FNDA:1,(anonymous_0)
FNDA:2,(anonymous_1)
FNDA:1,(anonymous_2)
FNDA:2,(anonymous_3)
FNDA:1,(anonymous_4)
FNDA:17,(anonymous_5)
FNDA:1,(anonymous_6)
FNDA:1,(anonymous_7)
FNDA:1,(anonymous_8)
FNDA:1,(anonymous_9)
DA:3,1
DA:6,1
DA:8,1
DA:10,1
DA:11,1
DA:13,1
DA:23,2
DA:30,1
DA:37,1
DA:39,2
DA:46,1
DA:47,17
DA:48,2
DA:56,1
DA:63,1
DA:70,1
DA:73,1
DA:74,1
DA:76,1
DA:78,1
DA:79,1
DA:82,0
DA:83,0
DA:84,0
DA:85,0
DA:86,0
DA:87,0
DA:88,0
DA:89,0
LF:29
LH:21
BRDA:13,0,0,1
BRDA:13,0,1,0
BRDA:47,1,0,15
BRDA:47,1,1,2
BRDA:78,2,0,1
BRDA:78,2,1,0
BRF:6
BRH:4
end_of_record
TN:
SF:/Users/Dikaeinstein/projects/js_projects/book-a-meal/server/middleware/validationErrorHandler.js
FN:9,(anonymous_0)
FN:22,(anonymous_1)
FN:23,(anonymous_2)
FN:40,(anonymous_3)
FNF:4
FNH:4
FNDA:1,(anonymous_0)
FNDA:190,(anonymous_1)
FNDA:89,(anonymous_2)
FNDA:1,(anonymous_3)
DA:3,1
DA:7,1
DA:9,1
DA:10,1
DA:12,1
DA:22,1
DA:23,190
DA:26,190
DA:27,106
DA:30,84
DA:36,1
DA:37,1
DA:40,1
DA:41,1
DA:43,1
DA:45,1
DA:46,1
DA:49,0
DA:50,0
DA:51,0
DA:55,1
LF:21
LH:18
BRDA:12,0,0,1
BRDA:12,0,1,0
BRDA:26,1,0,106
BRDA:26,1,1,84
BRDA:45,2,0,1
BRDA:45,2,1,0
BRF:6
BRH:4
end_of_record
TN:
SF:/Users/Dikaeinstein/projects/js_projects/book-a-meal/server/models/Meal.js
FN:3,(anonymous_0)
FN:36,(anonymous_1)
FNF:2
FNH:2
FNDA:1,(anonymous_0)
FNDA:1,(anonymous_1)
DA:3,1
DA:4,1
DA:36,1
DA:38,1
DA:46,1
DA:54,1
DA:62,1
LF:7
LH:7
BRF:0
BRH:0
end_of_record
TN:
SF:/Users/Dikaeinstein/projects/js_projects/book-a-meal/server/models/Menu.js
FN:3,(anonymous_0)
FN:23,(anonymous_1)
FNF:2
FNH:2
FNDA:1,(anonymous_0)
FNDA:1,(anonymous_1)
DA:3,1
DA:4,1
DA:23,1
DA:25,1
DA:31,1
LF:5
LH:5
BRF:0
BRH:0
end_of_record
TN:
SF:/Users/Dikaeinstein/projects/js_projects/book-a-meal/server/models/Order.js
FN:3,(anonymous_0)
FN:36,(anonymous_1)
FNF:2
FNH:2
FNDA:1,(anonymous_0)
FNDA:1,(anonymous_1)
DA:3,1
DA:4,1
DA:36,1
DA:38,1
DA:46,1
DA:55,1
LF:6
LH:6
BRF:0
BRH:0
end_of_record
TN:
SF:/Users/Dikaeinstein/projects/js_projects/book-a-meal/server/models/User.js
FN:3,(anonymous_0)
FN:36,(anonymous_1)
FNF:2
FNH:2
FNDA:1,(anonymous_0)
FNDA:1,(anonymous_1)
DA:3,1
DA:4,1
DA:36,1
DA:38,1
DA:46,1
DA:54,1
LF:6
LH:6
BRF:0
BRH:0
end_of_record
TN:
SF:/Users/Dikaeinstein/projects/js_projects/book-a-meal/server/test/app.spec.js
FN:15,_interopRequireDefault
FN:17,(anonymous_1)
FN:29,(anonymous_2)
FN:30,(anonymous_3)
FN:37,(anonymous_4)
FN:38,(anonymous_5)
FN:46,(anonymous_6)
FNF:7
FNH:7
FNDA:3,_interopRequireDefault
FNDA:1,(anonymous_1)
FNDA:1,(anonymous_2)
FNDA:1,(anonymous_3)
FNDA:1,(anonymous_4)
FNDA:1,(anonymous_5)
FNDA:1,(anonymous_6)
DA:3,1
DA:5,1
DA:7,1
DA:9,1
DA:11,1
DA:13,1
DA:15,3
DA:17,1
DA:18,1
DA:20,1
DA:23,1
DA:25,1
DA:27,1
DA:29,1
DA:30,1
DA:31,1
DA:32,1
DA:33,1
DA:37,1
DA:38,1
DA:39,1
DA:40,1
DA:41,1
DA:46,1
DA:47,1
DA:49,1
DA:51,1
DA:52,1
DA:55,0
DA:56,0
DA:57,0
LF:31
LH:28
BRDA:15,0,0,0
BRDA:15,0,1,3
BRDA:15,1,0,3
BRDA:15,1,1,3
BRDA:20,2,0,1
BRDA:20,2,1,0
BRDA:51,3,0,1
BRDA:51,3,1,0
BRF:8
BRH:5
end_of_record
TN:
SF:/Users/Dikaeinstein/projects/js_projects/book-a-meal/server/test/meals.spec.js
FN:27,_interopRequireDefault
FN:29,(anonymous_1)
FN:53,(anonymous_2)
FN:55,(anonymous_3)
FN:73,(anonymous_4)
FN:78,(anonymous_5)
FN:83,(anonymous_6)
FN:89,(anonymous_7)
FN:90,(anonymous_8)
FN:95,(anonymous_9)
FN:102,(anonymous_10)
FN:108,(anonymous_11)
FN:113,(anonymous_12)
FN:118,(anonymous_13)
FN:120,(anonymous_14)
FN:127,(anonymous_15)
FN:129,(anonymous_16)
FN:133,(anonymous_17)
FN:139,(anonymous_18)
FN:145,(anonymous_19)
FN:151,(anonymous_20)
FN:157,(anonymous_21)
FN:163,(anonymous_22)
FN:172,(anonymous_23)
FN:173,(anonymous_24)
FN:178,(anonymous_25)
FN:183,(anonymous_26)
FN:188,(anonymous_27)
FN:193,(anonymous_28)
FN:202,(anonymous_29)
FN:203,(anonymous_30)
FN:220,(anonymous_31)
FN:226,(anonymous_32)
FN:235,(anonymous_33)
FN:245,(anonymous_34)
FN:255,(anonymous_35)
FN:266,(anonymous_36)
FN:277,(anonymous_37)
FN:289,(anonymous_38)
FN:300,(anonymous_39)
FN:310,(anonymous_40)
FN:320,(anonymous_41)
FN:337,(anonymous_42)
FN:338,(anonymous_43)
FN:345,(anonymous_44)
FN:352,(anonymous_45)
FN:358,(anonymous_46)
FN:363,(anonymous_47)
FN:368,(anonymous_48)
FN:370,(anonymous_49)
FN:377,(anonymous_50)
FN:379,(anonymous_51)
FN:385,(anonymous_52)
FN:391,(anonymous_53)
FN:397,(anonymous_54)
FN:403,(anonymous_55)
FN:409,(anonymous_56)
FN:415,(anonymous_57)
FN:424,(anonymous_58)
FN:425,(anonymous_59)
FN:433,(anonymous_60)
FN:441,(anonymous_61)
FN:449,(anonymous_62)
FN:457,(anonymous_63)
FN:464,(anonymous_64)
FN:471,(anonymous_65)
FN:480,(anonymous_66)
FN:491,(anonymous_67)
FN:501,(anonymous_68)
FN:512,(anonymous_69)
FN:523,(anonymous_70)
FN:533,(anonymous_71)
FN:534,(anonymous_72)
FN:538,(anonymous_73)
FN:542,(anonymous_74)
FN:547,(anonymous_75)
FN:552,(anonymous_76)
FN:562,(anonymous_77)
FNF:78
FNH:78
FNDA:5,_interopRequireDefault
FNDA:1,(anonymous_1)
FNDA:1,(anonymous_2)
FNDA:1,(anonymous_3)
FNDA:1,(anonymous_4)
FNDA:1,(anonymous_5)
FNDA:1,(anonymous_6)
FNDA:1,(anonymous_7)
FNDA:1,(anonymous_8)
FNDA:1,(anonymous_9)
FNDA:1,(anonymous_10)
FNDA:1,(anonymous_11)
FNDA:1,(anonymous_12)
FNDA:1,(anonymous_13)
FNDA:3,(anonymous_14)
FNDA:1,(anonymous_15)
FNDA:3,(anonymous_16)
FNDA:1,(anonymous_17)
FNDA:1,(anonymous_18)
FNDA:1,(anonymous_19)
FNDA:1,(anonymous_20)
FNDA:1,(anonymous_21)
FNDA:1,(anonymous_22)
FNDA:1,(anonymous_23)
FNDA:1,(anonymous_24)
FNDA:1,(anonymous_25)
FNDA:1,(anonymous_26)
FNDA:1,(anonymous_27)
FNDA:1,(anonymous_28)
FNDA:1,(anonymous_29)
FNDA:1,(anonymous_30)
FNDA:1,(anonymous_31)
FNDA:1,(anonymous_32)
FNDA:1,(anonymous_33)
FNDA:1,(anonymous_34)
FNDA:1,(anonymous_35)
FNDA:1,(anonymous_36)
FNDA:1,(anonymous_37)
FNDA:1,(anonymous_38)
FNDA:1,(anonymous_39)
FNDA:1,(anonymous_40)
FNDA:1,(anonymous_41)
FNDA:1,(anonymous_42)
FNDA:1,(anonymous_43)
FNDA:1,(anonymous_44)
FNDA:1,(anonymous_45)
FNDA:1,(anonymous_46)
FNDA:1,(anonymous_47)
FNDA:1,(anonymous_48)
FNDA:3,(anonymous_49)
FNDA:1,(anonymous_50)
FNDA:5,(anonymous_51)
FNDA:1,(anonymous_52)
FNDA:1,(anonymous_53)
FNDA:1,(anonymous_54)
FNDA:1,(anonymous_55)
FNDA:1,(anonymous_56)
FNDA:1,(anonymous_57)
FNDA:1,(anonymous_58)
FNDA:1,(anonymous_59)
FNDA:1,(anonymous_60)
FNDA:1,(anonymous_61)
FNDA:1,(anonymous_62)
FNDA:1,(anonymous_63)
FNDA:1,(anonymous_64)
FNDA:1,(anonymous_65)
FNDA:1,(anonymous_66)
FNDA:1,(anonymous_67)
FNDA:1,(anonymous_68)
FNDA:1,(anonymous_69)
FNDA:1,(anonymous_70)
FNDA:1,(anonymous_71)
FNDA:1,(anonymous_72)
FNDA:1,(anonymous_73)
FNDA:1,(anonymous_74)
FNDA:1,(anonymous_75)
FNDA:1,(anonymous_76)
FNDA:1,(anonymous_77)
DA:3,1
DA:5,1
DA:7,1
DA:9,1
DA:11,1
DA:13,1
DA:15,1
DA:17,1
DA:19,1
DA:21,1
DA:23,1
DA:25,1
DA:27,5
DA:29,1
DA:30,1
DA:32,1
DA:35,1
DA:36,1
DA:38,1
DA:39,1
DA:40,1
DA:42,1
DA:44,1
DA:45,1
DA:46,1
DA:53,1
DA:55,1
DA:56,1
DA:58,1
DA:66,1
DA:70,1
DA:73,1
DA:74,1
DA:75,1
DA:78,1
DA:79,1
DA:80,1
DA:83,1
DA:84,1
DA:85,1
DA:89,1
DA:90,1
DA:91,1
DA:92,1
DA:93,1
DA:95,1
DA:96,1
DA:97,1
DA:98,1
DA:99,1
DA:100,1
DA:102,1
DA:103,1
DA:104,1
DA:105,1
DA:106,1
DA:108,1
DA:109,1
DA:110,1
DA:111,1
DA:113,1
DA:114,1
DA:115,1
DA:116,1
DA:118,1
DA:119,1
DA:120,3
DA:121,1
DA:122,1
DA:123,1
DA:124,1
DA:125,1
DA:127,1
DA:128,1
DA:129,3
DA:130,1
DA:131,1
DA:133,1
DA:134,1
DA:135,1
DA:136,1
DA:137,1
DA:139,1
DA:140,1
DA:141,1
DA:142,1
DA:143,1
DA:145,1
DA:146,1
DA:147,1
DA:148,1
DA:149,1
DA:151,1
DA:152,1
DA:153,1
DA:154,1
DA:155,1
DA:157,1
DA:158,1
DA:159,1
DA:160,1
DA:161,1
DA:163,1
DA:164,1
DA:165,1
DA:166,1
DA:167,1
DA:172,1
DA:173,1
DA:174,1
DA:175,1
DA:176,1
DA:178,1
DA:179,1
DA:180,1
DA:181,1
DA:183,1
DA:184,1
DA:185,1
DA:186,1
DA:188,1
DA:189,1
DA:190,1
DA:191,1
DA:193,1
DA:194,1
DA:195,1
DA:196,1
DA:197,1
DA:202,1
DA:203,1
DA:204,1
DA:211,1
DA:212,1
DA:213,1
DA:214,1
DA:215,1
DA:216,1
DA:217,1
DA:218,1
DA:220,1
DA:221,1
DA:222,1
DA:223,1
DA:224,1
DA:226,1
DA:227,1
DA:231,1
DA:232,1
DA:233,1
DA:235,1
DA:236,1
DA:241,1
DA:242,1
DA:243,1
DA:245,1
DA:246,1
DA:251,1
DA:252,1
DA:253,1
DA:255,1
DA:256,1
DA:262,1
DA:263,1
DA:264,1
DA:266,1
DA:267,1
DA:273,1
DA:274,1
DA:275,1
DA:277,1
DA:278,1
DA:283,1
DA:284,1
DA:285,1
DA:286,1
DA:287,1
DA:289,1
DA:290,1
DA:296,1
DA:297,1
DA:298,1
DA:300,1
DA:301,1
DA:306,1
DA:307,1
DA:308,1
DA:310,1
DA:311,1
DA:316,1
DA:317,1
DA:318,1
DA:320,1
DA:321,1
DA:328,1
DA:329,1
DA:330,1
DA:331,1
DA:332,1
DA:337,1
DA:338,1
DA:339,1
DA:340,1
DA:341,1
DA:342,1
DA:343,1
DA:345,1
DA:346,1
DA:347,1
DA:348,1
DA:349,1
DA:350,1
DA:352,1
DA:353,1
DA:354,1
DA:355,1
DA:356,1
DA:358,1
DA:359,1
DA:360,1
DA:361,1
DA:363,1
DA:364,1
DA:365,1
DA:366,1
DA:368,1
DA:369,1
DA:370,3
DA:371,1
DA:372,1
DA:373,1
DA:374,1
DA:375,1
DA:377,1
DA:378,1
DA:379,5
DA:380,1
DA:381,1
DA:382,1
DA:383,1
DA:385,1
DA:386,1
DA:387,1
DA:388,1
DA:389,1
DA:391,1
DA:392,1
DA:393,1
DA:394,1
DA:395,1
DA:397,1
DA:398,1
DA:399,1
DA:400,1
DA:401,1
DA:403,1
DA:404,1
DA:405,1
DA:406,1
DA:407,1
DA:409,1
DA:410,1
DA:411,1
DA:412,1
DA:413,1
DA:415,1
DA:416,1
DA:417,1
DA:418,1
DA:419,1
DA:424,1
DA:425,1
DA:426,1
DA:429,1
DA:430,1
DA:431,1
DA:433,1
DA:434,1
DA:437,1
DA:438,1
DA:439,1
DA:441,1
DA:442,1
DA:445,1
DA:446,1
DA:447,1
DA:449,1
DA:450,1
DA:453,1
DA:454,1
DA:455,1
DA:457,1
DA:458,1
DA:461,1
DA:462,1
DA:464,1
DA:465,1
DA:468,1
DA:469,1
DA:471,1
DA:472,1
DA:475,1
DA:476,1
DA:477,1
DA:478,1
DA:480,1
DA:481,1
DA:487,1
DA:488,1
DA:489,1
DA:491,1
DA:492,1
DA:497,1
DA:498,1
DA:499,1
DA:501,1
DA:502,1
DA:508,1
DA:509,1
DA:510,1
DA:512,1
DA:513,1
DA:519,1
DA:520,1
DA:521,1
DA:523,1
DA:524,1
DA:527,1
DA:528,1
DA:533,1
DA:534,1
DA:535,1
DA:536,1
DA:538,1
DA:539,1
DA:540,1
DA:542,1
DA:543,1
DA:544,1
DA:545,1
DA:547,1
DA:548,1
DA:549,1
DA:550,1
DA:552,1
DA:553,1
DA:554,1
DA:555,1
DA:556,1
DA:562,1
DA:563,1
DA:565,1
DA:567,1
DA:568,1
DA:571,0
DA:572,0
DA:573,0
DA:574,0
DA:575,0
DA:576,0
DA:577,0
DA:578,0
DA:579,0
DA:580,0
DA:581,0
DA:582,0
DA:583,0
LF:367
LH:354
BRDA:27,0,0,0
BRDA:27,0,1,5
BRDA:27,1,0,5
BRDA:27,1,1,5
BRDA:32,2,0,1
BRDA:32,2,1,0
BRDA:567,3,0,1
BRDA:567,3,1,0
BRF:8
BRH:5
end_of_record
TN:
SF:/Users/Dikaeinstein/projects/js_projects/book-a-meal/server/test/mealsTestData.js
FN:7,(anonymous_0)
FN:91,(anonymous_1)
FNF:2
FNH:2
FNDA:1,(anonymous_0)
FNDA:1,(anonymous_1)
DA:3,1
DA:7,1
DA:8,1
DA:10,1
DA:13,1
DA:87,1
DA:88,1
DA:91,1
DA:92,1
DA:94,1
DA:96,1
DA:97,1
DA:100,0
DA:101,0
DA:102,0
DA:106,1
LF:16
LH:13
BRDA:10,0,0,1
BRDA:10,0,1,0
BRDA:96,1,0,1
BRDA:96,1,1,0
BRF:4
BRH:2
end_of_record
TN:
SF:/Users/Dikaeinstein/projects/js_projects/book-a-meal/server/test/menus.spec.js
FN:25,_interopRequireDefault
FN:27,(anonymous_1)
FN:53,(anonymous_2)
FN:55,(anonymous_3)
FN:63,(anonymous_4)
FN:68,(anonymous_5)
FN:73,(anonymous_6)
FN:75,(anonymous_7)
FN:82,(anonymous_8)
FN:83,(anonymous_9)
FN:89,(anonymous_10)
FN:96,(anonymous_11)
FN:106,(anonymous_12)
FN:114,(anonymous_13)
FN:119,(anonymous_14)
FN:124,(anonymous_15)
FN:133,(anonymous_16)
FN:138,(anonymous_17)
FN:147,(anonymous_18)
FN:155,(anonymous_19)
FN:166,(anonymous_20)
FN:167,(anonymous_21)
FN:174,(anonymous_22)
FN:181,(anonymous_23)
FN:186,(anonymous_24)
FN:191,(anonymous_25)
FN:193,(anonymous_26)
FN:200,(anonymous_27)
FN:202,(anonymous_28)
FN:208,(anonymous_29)
FN:214,(anonymous_30)
FN:220,(anonymous_31)
FN:226,(anonymous_32)
FN:232,(anonymous_33)
FN:238,(anonymous_34)
FN:248,(anonymous_35)
FN:249,(anonymous_36)
FN:259,(anonymous_37)
FN:267,(anonymous_38)
FN:275,(anonymous_39)
FN:285,(anonymous_40)
FN:294,(anonymous_41)
FN:306,(anonymous_42)
FN:316,(anonymous_43)
FN:324,(anonymous_44)
FN:325,(anonymous_45)
FN:331,(anonymous_46)
FN:337,(anonymous_47)
FN:343,(anonymous_48)
FN:352,(anonymous_49)
FNF:50
FNH:50
FNDA:5,_interopRequireDefault
FNDA:1,(anonymous_1)
FNDA:1,(anonymous_2)
FNDA:1,(anonymous_3)
FNDA:1,(anonymous_4)
FNDA:1,(anonymous_5)
FNDA:1,(anonymous_6)
FNDA:12,(anonymous_7)
FNDA:1,(anonymous_8)
FNDA:1,(anonymous_9)
FNDA:1,(anonymous_10)
FNDA:1,(anonymous_11)
FNDA:1,(anonymous_12)
FNDA:1,(anonymous_13)
FNDA:1,(anonymous_14)
FNDA:1,(anonymous_15)
FNDA:1,(anonymous_16)
FNDA:1,(anonymous_17)
FNDA:1,(anonymous_18)
FNDA:1,(anonymous_19)
FNDA:1,(anonymous_20)
FNDA:1,(anonymous_21)
FNDA:1,(anonymous_22)
FNDA:1,(anonymous_23)
FNDA:1,(anonymous_24)
FNDA:1,(anonymous_25)
FNDA:3,(anonymous_26)
FNDA:1,(anonymous_27)
FNDA:5,(anonymous_28)
FNDA:1,(anonymous_29)
FNDA:1,(anonymous_30)
FNDA:1,(anonymous_31)
FNDA:1,(anonymous_32)
FNDA:1,(anonymous_33)
FNDA:1,(anonymous_34)
FNDA:1,(anonymous_35)
FNDA:1,(anonymous_36)
FNDA:1,(anonymous_37)
FNDA:1,(anonymous_38)
FNDA:1,(anonymous_39)
FNDA:1,(anonymous_40)
FNDA:1,(anonymous_41)
FNDA:1,(anonymous_42)
FNDA:1,(anonymous_43)
FNDA:1,(anonymous_44)
FNDA:1,(anonymous_45)
FNDA:1,(anonymous_46)
FNDA:1,(anonymous_47)
FNDA:1,(anonymous_48)
FNDA:1,(anonymous_49)
DA:3,1
DA:5,1
DA:7,1
DA:9,1
DA:11,1
DA:13,1
DA:15,1
DA:17,1
DA:19,1
DA:21,1
DA:23,1
DA:25,5
DA:27,1
DA:28,1
DA:30,1
DA:33,1
DA:35,1
DA:37,1
DA:39,1
DA:40,1
DA:41,1
DA:43,1
DA:44,1
DA:53,1
DA:55,1
DA:56,1
DA:60,1
DA:63,1
DA:64,1
DA:65,1
DA:68,1
DA:69,1
DA:70,1
DA:73,1
DA:74,1
DA:75,12
DA:76,1
DA:82,1
DA:83,1
DA:84,1
DA:85,1
DA:86,1
DA:87,1
DA:89,1
DA:90,1
DA:93,1
DA:94,1
DA:96,1
DA:97,1
DA:101,1
DA:102,1
DA:103,1
DA:106,1
DA:107,1
DA:108,1
DA:109,1
DA:110,1
DA:111,1
DA:112,1
DA:114,1
DA:115,1
DA:116,1
DA:117,1
DA:119,1
DA:120,1
DA:121,1
DA:122,1
DA:124,1
DA:125,1
DA:129,1
DA:130,1
DA:131,1
DA:133,1
DA:134,1
DA:135,1
DA:136,1
DA:138,1
DA:139,1
DA:143,1
DA:144,1
DA:145,1
DA:147,1
DA:148,1
DA:149,1
DA:150,1
DA:151,1
DA:152,1
DA:153,1
DA:155,1
DA:156,1
DA:160,1
DA:161,1
DA:166,1
DA:167,1
DA:168,1
DA:169,1
DA:170,1
DA:171,1
DA:172,1
DA:174,1
DA:175,1
DA:176,1
DA:177,1
DA:178,1
DA:179,1
DA:181,1
DA:182,1
DA:183,1
DA:184,1
DA:186,1
DA:187,1
DA:188,1
DA:189,1
DA:191,1
DA:192,1
DA:193,3
DA:194,1
DA:195,1
DA:196,1
DA:197,1
DA:198,1
DA:200,1
DA:201,1
DA:202,5
DA:203,1
DA:204,1
DA:205,1
DA:206,1
DA:208,1
DA:209,1
DA:210,1
DA:211,1
DA:212,1
DA:214,1
DA:215,1
DA:216,1
DA:217,1
DA:218,1
DA:220,1
DA:221,1
DA:222,1
DA:223,1
DA:224,1
DA:226,1
DA:227,1
DA:228,1
DA:229,1
DA:230,1
DA:232,1
DA:233,1
DA:234,1
DA:235,1
DA:236,1
DA:238,1
DA:239,1
DA:240,1
DA:241,1
DA:242,1
DA:248,1
DA:249,1
DA:250,1
DA:253,1
DA:254,1
DA:255,1
DA:256,1
DA:257,1
DA:259,1
DA:260,1
DA:264,1
DA:265,1
DA:267,1
DA:268,1
DA:272,1
DA:273,1
DA:275,1
DA:276,1
DA:280,1
DA:281,1
DA:282,1
DA:283,1
DA:285,1
DA:286,1
DA:289,1
DA:290,1
DA:291,1
DA:292,1
DA:294,1
DA:295,1
DA:298,1
DA:299,1
DA:300,1
DA:301,1
DA:302,1
DA:303,1
DA:304,1
DA:306,1
DA:307,1
DA:311,1
DA:312,1
DA:313,1
DA:316,1
DA:317,1
DA:318,1
DA:319,1
DA:324,1
DA:325,1
DA:326,1
DA:327,1
DA:328,1
DA:329,1
DA:331,1
DA:332,1
DA:333,1
DA:334,1
DA:335,1
DA:337,1
DA:338,1
DA:339,1
DA:340,1
DA:341,1
DA:343,1
DA:344,1
DA:345,1
DA:346,1
DA:347,1
DA:352,1
DA:353,1
DA:355,1
DA:357,1
DA:358,1
DA:361,0
DA:362,0
DA:363,0
DA:364,0
DA:365,0
DA:366,0
DA:367,0
DA:368,0
DA:369,0
DA:370,0
DA:371,0
DA:372,0
DA:373,0
LF:243
LH:230
BRDA:25,0,0,0
BRDA:25,0,1,5
BRDA:25,1,0,5
BRDA:25,1,1,5
BRDA:30,2,0,1
BRDA:30,2,1,0
BRDA:357,3,0,1
BRDA:357,3,1,0
BRF:8
BRH:5
end_of_record
TN:
SF:/Users/Dikaeinstein/projects/js_projects/book-a-meal/server/test/orders.spec.js
FN:27,_interopRequireDefault
FN:29,(anonymous_1)
FN:52,(anonymous_2)
FN:54,(anonymous_3)
FN:62,(anonymous_4)
FN:67,(anonymous_5)
FN:73,(anonymous_6)
FN:74,(anonymous_7)
FN:80,(anonymous_8)
FN:88,(anonymous_9)
FN:93,(anonymous_10)
FN:98,(anonymous_11)
FN:100,(anonymous_12)
FN:107,(anonymous_13)
FN:109,(anonymous_14)
FN:115,(anonymous_15)
FN:121,(anonymous_16)
FN:127,(anonymous_17)
FN:133,(anonymous_18)
FN:139,(anonymous_19)
FN:145,(anonymous_20)
FN:151,(anonymous_21)
FN:158,(anonymous_22)
FN:167,(anonymous_23)
FN:168,(anonymous_24)
FN:170,(anonymous_25)
FN:176,(anonymous_26)
FN:187,(anonymous_27)
FN:192,(anonymous_28)
FN:201,(anonymous_29)
FN:211,(anonymous_30)
FN:219,(anonymous_31)
FN:230,(anonymous_32)
FN:231,(anonymous_33)
FN:241,(anonymous_34)
FN:250,(anonymous_35)
FN:258,(anonymous_36)
FN:267,(anonymous_37)
FN:275,(anonymous_38)
FN:283,(anonymous_39)
FN:290,(anonymous_40)
FN:297,(anonymous_41)
FN:304,(anonymous_42)
FN:311,(anonymous_43)
FN:317,(anonymous_44)
FN:327,(anonymous_45)
FN:332,(anonymous_46)
FN:341,(anonymous_47)
FN:350,(anonymous_48)
FN:352,(anonymous_49)
FN:357,(anonymous_50)
FN:360,(anonymous_51)
FN:367,(anonymous_52)
FN:374,(anonymous_53)
FN:383,(anonymous_54)
FN:394,(anonymous_55)
FN:395,(anonymous_56)
FN:401,(anonymous_57)
FN:407,(anonymous_58)
FN:413,(anonymous_59)
FN:422,(anonymous_60)
FN:423,(anonymous_61)
FN:429,(anonymous_62)
FN:435,(anonymous_63)
FN:441,(anonymous_64)
FN:446,(anonymous_65)
FN:455,(anonymous_66)
FN:456,(anonymous_67)
FN:463,(anonymous_68)
FN:470,(anonymous_69)
FN:476,(anonymous_70)
FN:485,(anonymous_71)
FN:486,(anonymous_72)
FN:492,(anonymous_73)
FN:498,(anonymous_74)
FN:505,(anonymous_75)
FN:510,(anonymous_76)
FN:519,(anonymous_77)
FN:520,(anonymous_78)
FN:528,(anonymous_79)
FN:535,(anonymous_80)
FN:540,(anonymous_81)
FN:545,(anonymous_82)
FN:547,(anonymous_83)
FN:554,(anonymous_84)
FN:556,(anonymous_85)
FN:562,(anonymous_86)
FN:568,(anonymous_87)
FN:574,(anonymous_88)
FN:580,(anonymous_89)
FN:586,(anonymous_90)
FN:592,(anonymous_91)
FN:601,(anonymous_92)
FN:602,(anonymous_93)
FN:610,(anonymous_94)
FN:617,(anonymous_95)
FN:622,(anonymous_96)
FN:624,(anonymous_97)
FN:631,(anonymous_98)
FN:633,(anonymous_99)
FN:639,(anonymous_100)
FN:645,(anonymous_101)
FN:651,(anonymous_102)
FN:657,(anonymous_103)
FN:663,(anonymous_104)
FN:669,(anonymous_105)
FN:678,(anonymous_106)
FN:679,(anonymous_107)
FN:686,(anonymous_108)
FN:697,(anonymous_109)
FNF:110
FNH:110
FNDA:5,_interopRequireDefault
FNDA:1,(anonymous_1)
FNDA:1,(anonymous_2)
FNDA:1,(anonymous_3)
FNDA:1,(anonymous_4)
FNDA:1,(anonymous_5)
FNDA:1,(anonymous_6)
FNDA:1,(anonymous_7)
FNDA:1,(anonymous_8)
FNDA:1,(anonymous_9)
FNDA:1,(anonymous_10)
FNDA:1,(anonymous_11)
FNDA:3,(anonymous_12)
FNDA:1,(anonymous_13)
FNDA:5,(anonymous_14)
FNDA:1,(anonymous_15)
FNDA:1,(anonymous_16)
FNDA:1,(anonymous_17)
FNDA:1,(anonymous_18)
FNDA:1,(anonymous_19)
FNDA:1,(anonymous_20)
FNDA:1,(anonymous_21)
FNDA:1,(anonymous_22)
FNDA:1,(anonymous_23)
FNDA:1,(anonymous_24)
FNDA:12,(anonymous_25)
FNDA:1,(anonymous_26)
FNDA:1,(anonymous_27)
FNDA:1,(anonymous_28)
FNDA:1,(anonymous_29)
FNDA:1,(anonymous_30)
FNDA:1,(anonymous_31)
FNDA:1,(anonymous_32)
FNDA:1,(anonymous_33)
FNDA:1,(anonymous_34)
FNDA:1,(anonymous_35)
FNDA:1,(anonymous_36)
FNDA:1,(anonymous_37)
FNDA:1,(anonymous_38)
FNDA:1,(anonymous_39)
FNDA:1,(anonymous_40)
FNDA:1,(anonymous_41)
FNDA:1,(anonymous_42)
FNDA:1,(anonymous_43)
FNDA:1,(anonymous_44)
FNDA:1,(anonymous_45)
FNDA:1,(anonymous_46)
FNDA:1,(anonymous_47)
FNDA:1,(anonymous_48)
FNDA:1,(anonymous_49)
FNDA:1,(anonymous_50)
FNDA:1,(anonymous_51)
FNDA:1,(anonymous_52)
FNDA:1,(anonymous_53)
FNDA:1,(anonymous_54)
FNDA:1,(anonymous_55)
FNDA:1,(anonymous_56)
FNDA:1,(anonymous_57)
FNDA:1,(anonymous_58)
FNDA:1,(anonymous_59)
FNDA:1,(anonymous_60)
FNDA:1,(anonymous_61)
FNDA:1,(anonymous_62)
FNDA:1,(anonymous_63)
FNDA:1,(anonymous_64)
FNDA:1,(anonymous_65)
FNDA:1,(anonymous_66)
FNDA:1,(anonymous_67)
FNDA:1,(anonymous_68)
FNDA:1,(anonymous_69)
FNDA:1,(anonymous_70)
FNDA:1,(anonymous_71)
FNDA:1,(anonymous_72)
FNDA:1,(anonymous_73)
FNDA:1,(anonymous_74)
FNDA:1,(anonymous_75)
FNDA:1,(anonymous_76)
FNDA:1,(anonymous_77)
FNDA:1,(anonymous_78)
FNDA:1,(anonymous_79)
FNDA:1,(anonymous_80)
FNDA:1,(anonymous_81)
FNDA:1,(anonymous_82)
FNDA:3,(anonymous_83)
FNDA:1,(anonymous_84)
FNDA:5,(anonymous_85)
FNDA:1,(anonymous_86)
FNDA:1,(anonymous_87)
FNDA:1,(anonymous_88)
FNDA:1,(anonymous_89)
FNDA:1,(anonymous_90)
FNDA:1,(anonymous_91)
FNDA:1,(anonymous_92)
FNDA:1,(anonymous_93)
FNDA:1,(anonymous_94)
FNDA:1,(anonymous_95)
FNDA:1,(anonymous_96)
FNDA:3,(anonymous_97)
FNDA:1,(anonymous_98)
FNDA:3,(anonymous_99)
FNDA:1,(anonymous_100)
FNDA:1,(anonymous_101)
FNDA:1,(anonymous_102)
FNDA:1,(anonymous_103)
FNDA:1,(anonymous_104)
FNDA:1,(anonymous_105)
FNDA:1,(anonymous_106)
FNDA:1,(anonymous_107)
FNDA:1,(anonymous_108)
FNDA:1,(anonymous_109)
DA:3,1
DA:5,1
DA:7,1
DA:9,1
DA:11,1
DA:13,1
DA:15,1
DA:17,1
DA:19,1
DA:21,1
DA:23,1
DA:25,1
DA:27,5
DA:29,1
DA:30,1
DA:32,1
DA:35,1
DA:36,1
DA:38,1
DA:39,1
DA:40,1
DA:41,1
DA:43,1
DA:44,1
DA:46,1
DA:52,1
DA:54,1
DA:55,1
DA:59,1
DA:62,1
DA:63,1
DA:64,1
DA:67,1
DA:68,1
DA:69,1
DA:73,1
DA:74,1
DA:75,1
DA:76,1
DA:77,1
DA:78,1
DA:80,1
DA:81,1
DA:82,1
DA:83,1
DA:84,1
DA:85,1
DA:86,1
DA:88,1
DA:89,1
DA:90,1
DA:91,1
DA:93,1
DA:94,1
DA:95,1
DA:96,1
DA:98,1
DA:99,1
DA:100,3
DA:101,1
DA:102,1
DA:103,1
DA:104,1
DA:105,1
DA:107,1
DA:108,1
DA:109,5
DA:110,1
DA:111,1
DA:112,1
DA:113,1
DA:115,1
DA:116,1
DA:117,1
DA:118,1
DA:119,1
DA:121,1
DA:122,1
DA:123,1
DA:124,1
DA:125,1
DA:127,1
DA:128,1
DA:129,1
DA:130,1
DA:131,1
DA:133,1
DA:134,1
DA:135,1
DA:136,1
DA:137,1
DA:139,1
DA:140,1
DA:141,1
DA:142,1
DA:143,1
DA:145,1
DA:146,1
DA:147,1
DA:148,1
DA:149,1
DA:151,1
DA:152,1
DA:153,1
DA:154,1
DA:155,1
DA:156,1
DA:158,1
DA:159,1
DA:160,1
DA:161,1
DA:162,1
DA:167,1
DA:168,1
DA:169,1
DA:170,12
DA:171,1
DA:176,1
DA:177,1
DA:181,1
DA:182,1
DA:183,1
DA:184,1
DA:185,1
DA:187,1
DA:188,1
DA:189,1
DA:190,1
DA:192,1
DA:193,1
DA:197,1
DA:198,1
DA:199,1
DA:201,1
DA:202,1
DA:208,1
DA:209,1
DA:211,1
DA:212,1
DA:216,1
DA:217,1
DA:219,1
DA:220,1
DA:224,1
DA:225,1
DA:230,1
DA:231,1
DA:232,1
DA:236,1
DA:237,1
DA:238,1
DA:239,1
DA:241,1
DA:242,1
DA:245,1
DA:246,1
DA:247,1
DA:248,1
DA:250,1
DA:251,1
DA:254,1
DA:255,1
DA:256,1
DA:258,1
DA:259,1
DA:262,1
DA:263,1
DA:264,1
DA:265,1
DA:267,1
DA:268,1
DA:271,1
DA:272,1
DA:273,1
DA:275,1
DA:276,1
DA:279,1
DA:280,1
DA:281,1
DA:283,1
DA:284,1
DA:287,1
DA:288,1
DA:290,1
DA:291,1
DA:294,1
DA:295,1
DA:297,1
DA:298,1
DA:301,1
DA:302,1
DA:304,1
DA:305,1
DA:308,1
DA:309,1
DA:311,1
DA:312,1
DA:313,1
DA:314,1
DA:315,1
DA:317,1
DA:318,1
DA:324,1
DA:325,1
DA:327,1
DA:328,1
DA:329,1
DA:330,1
DA:332,1
DA:333,1
DA:337,1
DA:338,1
DA:339,1
DA:341,1
DA:342,1
DA:346,1
DA:347,1
DA:348,1
DA:350,1
DA:352,1
DA:353,1
DA:355,1
DA:357,1
DA:358,1
DA:360,1
DA:361,1
DA:364,1
DA:365,1
DA:367,1
DA:368,1
DA:371,1
DA:372,1
DA:374,1
DA:375,1
DA:378,1
DA:379,1
DA:380,1
DA:381,1
DA:383,1
DA:384,1
DA:387,1
DA:388,1
DA:394,1
DA:395,1
DA:396,1
DA:397,1
DA:398,1
DA:399,1
DA:401,1
DA:402,1
DA:403,1
DA:404,1
DA:405,1
DA:407,1
DA:408,1
DA:409,1
DA:410,1
DA:411,1
DA:413,1
DA:414,1
DA:415,1
DA:416,1
DA:417,1
DA:422,1
DA:423,1
DA:424,1
DA:425,1
DA:426,1
DA:427,1
DA:429,1
DA:430,1
DA:431,1
DA:432,1
DA:433,1
DA:435,1
DA:436,1
DA:437,1
DA:438,1
DA:439,1
DA:441,1
DA:442,1
DA:443,1
DA:444,1
DA:446,1
DA:447,1
DA:448,1
DA:449,1
DA:450,1
DA:455,1
DA:456,1
DA:457,1
DA:458,1
DA:459,1
DA:460,1
DA:461,1
DA:463,1
DA:464,1
DA:465,1
DA:466,1
DA:467,1
DA:468,1
DA:470,1
DA:471,1
DA:472,1
DA:473,1
DA:474,1
DA:476,1
DA:477,1
DA:478,1
DA:479,1
DA:480,1
DA:485,1
DA:486,1
DA:487,1
DA:488,1
DA:489,1
DA:490,1
DA:492,1
DA:493,1
DA:494,1
DA:495,1
DA:496,1
DA:498,1
DA:499,1
DA:500,1
DA:501,1
DA:502,1
DA:503,1
DA:505,1
DA:506,1
DA:507,1
DA:508,1
DA:510,1
DA:511,1
DA:512,1
DA:513,1
DA:514,1
DA:519,1
DA:520,1
DA:521,1
DA:522,1
DA:523,1
DA:524,1
DA:525,1
DA:528,1
DA:529,1
DA:530,1
DA:531,1
DA:532,1
DA:533,1
DA:535,1
DA:536,1
DA:537,1
DA:538,1
DA:540,1
DA:541,1
DA:542,1
DA:543,1
DA:545,1
DA:546,1
DA:547,3
DA:548,1
DA:549,1
DA:550,1
DA:551,1
DA:552,1
DA:554,1
DA:555,1
DA:556,5
DA:557,1
DA:558,1
DA:559,1
DA:560,1
DA:562,1
DA:563,1
DA:564,1
DA:565,1
DA:566,1
DA:568,1
DA:569,1
DA:570,1
DA:571,1
DA:572,1
DA:574,1
DA:575,1
DA:576,1
DA:577,1
DA:578,1
DA:580,1
DA:581,1
DA:582,1
DA:583,1
DA:584,1
DA:586,1
DA:587,1
DA:588,1
DA:589,1
DA:590,1
DA:592,1
DA:593,1
DA:594,1
DA:595,1
DA:596,1
DA:601,1
DA:602,1
DA:603,1
DA:604,1
DA:605,1
DA:606,1
DA:607,1
DA:610,1
DA:611,1
DA:612,1
DA:613,1
DA:614,1
DA:615,1
DA:617,1
DA:618,1
DA:619,1
DA:620,1
DA:622,1
DA:623,1
DA:624,3
DA:625,1
DA:626,1
DA:627,1
DA:628,1
DA:629,1
DA:631,1
DA:632,1
DA:633,3
DA:634,1
DA:635,1
DA:636,1
DA:637,1
DA:639,1
DA:640,1
DA:641,1
DA:642,1
DA:643,1
DA:645,1
DA:646,1
DA:647,1
DA:648,1
DA:649,1
DA:651,1
DA:652,1
DA:653,1
DA:654,1
DA:655,1
DA:657,1
DA:658,1
DA:659,1
DA:660,1
DA:661,1
DA:663,1
DA:664,1
DA:665,1
DA:666,1
DA:667,1
DA:669,1
DA:670,1
DA:671,1
DA:672,1
DA:673,1
DA:678,1
DA:679,1
DA:680,1
DA:681,1
DA:682,1
DA:683,1
DA:684,1
DA:686,1
DA:687,1
DA:688,1
DA:689,1
DA:690,1
DA:691,1
DA:697,1
DA:698,1
DA:700,1
DA:702,1
DA:703,1
DA:706,0
DA:707,0
DA:708,0
DA:709,0
DA:710,0
DA:711,0
DA:712,0
DA:713,0
DA:714,0
DA:715,0
DA:716,0
DA:717,0
LF:495
LH:483
BRDA:27,0,0,0
BRDA:27,0,1,5
BRDA:27,1,0,5
BRDA:27,1,1,5
BRDA:32,2,0,1
BRDA:32,2,1,0
BRDA:702,3,0,1
BRDA:702,3,1,0
BRF:8
BRH:5
end_of_record
TN:
SF:/Users/Dikaeinstein/projects/js_projects/book-a-meal/server/test/ordersTestData.js
FN:7,(anonymous_0)
FN:145,(anonymous_1)
FNF:2
FNH:2
FNDA:1,(anonymous_0)
FNDA:1,(anonymous_1)
DA:3,1
DA:7,1
DA:8,1
DA:10,1
DA:13,1
DA:141,1
DA:142,1
DA:145,1
DA:146,1
DA:148,1
DA:150,1
DA:151,1
DA:154,0
DA:155,0
DA:156,0
DA:160,1
LF:16
LH:13
BRDA:10,0,0,1
BRDA:10,0,1,0
BRDA:150,1,0,1
BRDA:150,1,1,0
BRF:4
BRH:2
end_of_record
TN:
SF:/Users/Dikaeinstein/projects/js_projects/book-a-meal/server/test/users.spec.js
FN:19,_interopRequireDefault
FN:21,(anonymous_1)
FN:38,(anonymous_2)
FN:39,(anonymous_3)
FN:46,(anonymous_4)
FN:58,(anonymous_5)
FN:70,(anonymous_6)
FN:82,(anonymous_7)
FN:94,(anonymous_8)
FN:100,(anonymous_9)
FN:112,(anonymous_10)
FN:124,(anonymous_11)
FN:136,(anonymous_12)
FN:148,(anonymous_13)
FN:163,(anonymous_14)
FN:164,(anonymous_15)
FN:174,(anonymous_16)
FN:183,(anonymous_17)
FN:192,(anonymous_18)
FN:201,(anonymous_19)
FN:213,(anonymous_20)
FN:214,(anonymous_21)
FN:221,(anonymous_22)
FN:232,(anonymous_23)
FNF:24
FNH:24
FNDA:4,_interopRequireDefault
FNDA:1,(anonymous_1)
FNDA:1,(anonymous_2)
FNDA:1,(anonymous_3)
FNDA:1,(anonymous_4)
FNDA:1,(anonymous_5)
FNDA:1,(anonymous_6)
FNDA:1,(anonymous_7)
FNDA:1,(anonymous_8)
FNDA:1,(anonymous_9)
FNDA:1,(anonymous_10)
FNDA:1,(anonymous_11)
FNDA:1,(anonymous_12)
FNDA:1,(anonymous_13)
FNDA:1,(anonymous_14)
FNDA:1,(anonymous_15)
FNDA:1,(anonymous_16)
FNDA:1,(anonymous_17)
FNDA:1,(anonymous_18)
FNDA:1,(anonymous_19)
FNDA:1,(anonymous_20)
FNDA:1,(anonymous_21)
FNDA:1,(anonymous_22)
FNDA:1,(anonymous_23)
DA:3,1
DA:5,1
DA:7,1
DA:9,1
DA:11,1
DA:13,1
DA:15,1
DA:17,1
DA:19,4
DA:21,1
DA:22,1
DA:24,1
DA:27,1
DA:29,1
DA:31,1
DA:32,1
DA:33,1
DA:38,1
DA:39,1
DA:40,1
DA:41,1
DA:42,1
DA:43,1
DA:44,1
DA:46,1
DA:47,1
DA:54,1
DA:55,1
DA:56,1
DA:58,1
DA:59,1
DA:66,1
DA:67,1
DA:68,1
DA:70,1
DA:71,1
DA:78,1
DA:79,1
DA:80,1
DA:82,1
DA:83,1
DA:90,1
DA:91,1
DA:92,1
DA:94,1
DA:95,1
DA:96,1
DA:97,1
DA:98,1
DA:100,1
DA:101,1
DA:108,1
DA:109,1
DA:110,1
DA:112,1
DA:113,1
DA:120,1
DA:121,1
DA:122,1
DA:124,1
DA:125,1
DA:132,1
DA:133,1
DA:134,1
DA:136,1
DA:137,1
DA:144,1
DA:145,1
DA:146,1
DA:148,1
DA:149,1
DA:156,1
DA:157,1
DA:158,1
DA:163,1
DA:164,1
DA:165,1
DA:166,1
DA:167,1
DA:168,1
DA:169,1
DA:170,1
DA:171,1
DA:172,1
DA:174,1
DA:175,1
DA:179,1
DA:180,1
DA:181,1
DA:183,1
DA:184,1
DA:188,1
DA:189,1
DA:190,1
DA:192,1
DA:193,1
DA:197,1
DA:198,1
DA:199,1
DA:201,1
DA:202,1
DA:206,1
DA:207,1
DA:208,1
DA:213,1
DA:214,1
DA:215,1
DA:216,1
DA:217,1
DA:218,1
DA:219,1
DA:221,1
DA:222,1
DA:223,1
DA:224,1
DA:225,1
DA:226,1
DA:227,1
DA:232,1
DA:233,1
DA:235,1
DA:237,1
DA:238,1
DA:241,0
DA:242,0
DA:243,0
DA:244,0
DA:245,0
DA:246,0
LF:129
LH:123
BRDA:19,0,0,0
BRDA:19,0,1,4
BRDA:19,1,0,4
BRDA:19,1,1,4
BRDA:24,2,0,1
BRDA:24,2,1,0
BRDA:237,3,0,1
BRDA:237,3,1,0
BRF:8
BRH:5
end_of_record
TN:
SF:/Users/Dikaeinstein/projects/js_projects/book-a-meal/server/test/usersTestData.js
FN:7,(anonymous_0)
FN:72,(anonymous_1)
FNF:2
FNH:2
FNDA:1,(anonymous_0)
FNDA:1,(anonymous_1)
DA:3,1
DA:7,1
DA:8,1
DA:10,1
DA:13,1
DA:68,1
DA:69,1
DA:72,1
DA:73,1
DA:75,1
DA:77,1
DA:78,1
DA:81,0
DA:82,0
DA:83,0
DA:87,1
LF:16
LH:13
BRDA:10,0,0,1
BRDA:10,0,1,0
BRDA:77,1,0,1
BRDA:77,1,1,0
BRF:4
BRH:2
end_of_record
